<?xml version="1.0" encoding="UTF-8"?>
<!-- Generated by org.testng.reporters.JUnitReportReporter -->
<testsuite hostname="Sumanth-Notebook-Pro" failures="0" tests="1" name="testcases.Login" time="2.991" errors="0" timestamp="2022-02-06T12:05:27 IST" skipped="0">
  <testcase classname="testcases.Login" name="verifyLogin" time="2.991"/>
  <system-out/>
</testsuite> <!-- testcases.Login -->
