<?xml version="1.0" encoding="UTF-8"?>
<!-- Generated by org.testng.reporters.JUnitReportReporter -->
<testsuite hostname="Sumanth-Notebook-Pro" failures="0" tests="1" name="testcases.DuplicateLead" time="20.191" errors="0" timestamp="2022-02-06T19:33:22 IST" skipped="0">
  <testcase classname="testcases.DuplicateLead" name="runDuplicateLead" time="20.191"/>
  <system-out/>
</testsuite> <!-- testcases.DuplicateLead -->
