<?xml version="1.0" encoding="UTF-8"?>
<!-- Generated by org.testng.reporters.JUnitReportReporter -->
<testsuite hostname="Sumanth-Notebook-Pro" failures="0" tests="1" name="testcases.CreateLead" time="14.870" errors="0" timestamp="2022-02-06T19:33:22 IST" skipped="0">
  <testcase classname="testcases.CreateLead" name="runCreateLead" time="14.870"/>
  <system-out/>
</testsuite> <!-- testcases.CreateLead -->
