<?xml version="1.0" encoding="UTF-8"?>
<!-- Generated by org.testng.reporters.JUnitReportReporter -->
<testsuite hostname="Sumanth-Notebook-Pro" failures="0" tests="1" name="testcases.DeleteLead" time="12.729" errors="0" timestamp="2022-02-06T19:33:22 IST" skipped="0">
  <testcase classname="testcases.DeleteLead" name="runDeleteLead" time="12.729"/>
  <system-out/>
</testsuite> <!-- testcases.DeleteLead -->
